

Started GET "/oauth/authorize?client_id=c2a52ce1b2788f43a1718ade767bc41812df4bdaa2d6d04630c8195ea35f6fbe&redirect_uri=http://localhost:8080/&response_type=token" for ::1 at 2015-12-25 18:19:49 +0900
  [1m[36mActiveRecord::SchemaMigration Load (18.4ms)[0m  [1mSELECT "schema_migrations".* FROM "schema_migrations"[0m
Processing by Doorkeeper::AuthorizationsController#new as HTML
  Parameters: {"client_id"=>"c2a52ce1b2788f43a1718ade767bc41812df4bdaa2d6d04630c8195ea35f6fbe", "redirect_uri"=>"http://localhost:8080/", "response_type"=>"token"}
Redirected to http://localhost:3000/users/sign_in
Filter chain halted as :authenticate_resource_owner! rendered or redirected
Completed 302 Found in 16ms (ActiveRecord: 0.0ms)


Started GET "/users/sign_in" for ::1 at 2015-12-25 18:19:49 +0900
Processing by Devise::SessionsController#new as HTML
  Rendered devise/sessions/new.html.erb within layouts/application (546.8ms)
  Rendered layouts/_navigation.html.slim (4.3ms)
  Rendered layouts/_messages.html.slim (2.9ms)
Completed 200 OK in 1348ms (Views: 1296.9ms | ActiveRecord: 39.5ms)


Started GET "/users/sign_in/undefined/api/undefined/swagger_doc" for ::1 at 2015-12-25 18:19:51 +0900

ActionController::RoutingError (No route matches [GET] "/users/sign_in/undefined/api/undefined/swagger_doc"):
  actionpack (4.2.5) lib/action_dispatch/middleware/debug_exceptions.rb:21:in `call'
  web-console (2.2.1) lib/web_console/middleware.rb:39:in `call'
  actionpack (4.2.5) lib/action_dispatch/middleware/show_exceptions.rb:30:in `call'
  railties (4.2.5) lib/rails/rack/logger.rb:38:in `call_app'
  railties (4.2.5) lib/rails/rack/logger.rb:20:in `block in call'
  activesupport (4.2.5) lib/active_support/tagged_logging.rb:68:in `block in tagged'
  activesupport (4.2.5) lib/active_support/tagged_logging.rb:26:in `tagged'
  activesupport (4.2.5) lib/active_support/tagged_logging.rb:68:in `tagged'
  railties (4.2.5) lib/rails/rack/logger.rb:20:in `call'
  quiet_assets (1.1.0) lib/quiet_assets.rb:27:in `call_with_quiet_assets'
  actionpack (4.2.5) lib/action_dispatch/middleware/request_id.rb:21:in `call'
  rack (1.6.4) lib/rack/methodoverride.rb:22:in `call'
  rack (1.6.4) lib/rack/runtime.rb:18:in `call'
  activesupport (4.2.5) lib/active_support/cache/strategy/local_cache_middleware.rb:28:in `call'
  rack (1.6.4) lib/rack/lock.rb:17:in `call'
  actionpack (4.2.5) lib/action_dispatch/middleware/static.rb:116:in `call'
  rack-cors (0.4.0) lib/rack/cors.rb:80:in `call'
  rack (1.6.4) lib/rack/sendfile.rb:113:in `call'
  railties (4.2.5) lib/rails/engine.rb:518:in `call'
  railties (4.2.5) lib/rails/application.rb:165:in `call'
  rack (1.6.4) lib/rack/lock.rb:17:in `call'
  rack (1.6.4) lib/rack/content_length.rb:15:in `call'
  rack (1.6.4) lib/rack/handler/webrick.rb:88:in `service'
  /Users/equus/.rbenv/versions/2.2.4/lib/ruby/2.2.0/webrick/httpserver.rb:138:in `service'
  /Users/equus/.rbenv/versions/2.2.4/lib/ruby/2.2.0/webrick/httpserver.rb:94:in `run'
  /Users/equus/.rbenv/versions/2.2.4/lib/ruby/2.2.0/webrick/server.rb:294:in `block in start_thread'


  Rendered /Users/equus/.rbenv/versions/2.2.4/lib/ruby/gems/2.2.0/gems/actionpack-4.2.5/lib/action_dispatch/middleware/templates/rescues/_trace.html.erb (2.3ms)
  Rendered /Users/equus/.rbenv/versions/2.2.4/lib/ruby/gems/2.2.0/gems/actionpack-4.2.5/lib/action_dispatch/middleware/templates/routes/_route.html.erb (2.1ms)
  Rendered /Users/equus/.rbenv/versions/2.2.4/lib/ruby/gems/2.2.0/gems/actionpack-4.2.5/lib/action_dispatch/middleware/templates/routes/_table.html.erb (4.7ms)
  Rendered /Users/equus/.rbenv/versions/2.2.4/lib/ruby/gems/2.2.0/gems/actionpack-4.2.5/lib/action_dispatch/middleware/templates/rescues/_request_and_response.html.erb (1.2ms)
  Rendered /Users/equus/.rbenv/versions/2.2.4/lib/ruby/gems/2.2.0/gems/actionpack-4.2.5/lib/action_dispatch/middleware/templates/rescues/routing_error.html.erb within rescues/layout (297.4ms)
  Rendered /Users/equus/.rbenv/versions/2.2.4/lib/ruby/gems/2.2.0/gems/web-console-2.2.1/lib/web_console/templates/_markup.html.erb (0.4ms)
  Rendered /Users/equus/.rbenv/versions/2.2.4/lib/ruby/gems/2.2.0/gems/web-console-2.2.1/lib/web_console/templates/_inner_console_markup.html.erb within layouts/inlined_string (0.3ms)
  Rendered /Users/equus/.rbenv/versions/2.2.4/lib/ruby/gems/2.2.0/gems/web-console-2.2.1/lib/web_console/templates/_prompt_box_markup.html.erb within layouts/inlined_string (0.3ms)
  Rendered /Users/equus/.rbenv/versions/2.2.4/lib/ruby/gems/2.2.0/gems/web-console-2.2.1/lib/web_console/templates/style.css.erb within layouts/inlined_string (0.3ms)
  Rendered /Users/equus/.rbenv/versions/2.2.4/lib/ruby/gems/2.2.0/gems/web-console-2.2.1/lib/web_console/templates/console.js.erb within layouts/javascript (111.3ms)
  Rendered /Users/equus/.rbenv/versions/2.2.4/lib/ruby/gems/2.2.0/gems/web-console-2.2.1/lib/web_console/templates/main.js.erb within layouts/javascript (0.3ms)
  Rendered /Users/equus/.rbenv/versions/2.2.4/lib/ruby/gems/2.2.0/gems/web-console-2.2.1/lib/web_console/templates/error_page.js.erb within layouts/javascript (0.3ms)
  Rendered /Users/equus/.rbenv/versions/2.2.4/lib/ruby/gems/2.2.0/gems/web-console-2.2.1/lib/web_console/templates/index.html.erb (247.1ms)


Started POST "/users/sign_in" for ::1 at 2015-12-25 18:19:57 +0900
Processing by Devise::SessionsController#create as HTML
  Parameters: {"utf8"=>"✓", "authenticity_token"=>"[FILTERED]", "user"=>{"email"=>"junwako@gmail.com", "password"=>"[FILTERED]", "remember_me"=>"0"}, "commit"=>"Sign in"}
  [1m[35mUser Load (29.1ms)[0m  SELECT  "users".* FROM "users" WHERE "users"."email" = $1  ORDER BY "users"."id" ASC LIMIT 1  [["email", "junwako@gmail.com"]]
  [1m[36m (2.0ms)[0m  [1mBEGIN[0m
  [1m[35mSQL (2.8ms)[0m  UPDATE "users" SET "last_sign_in_at" = $1, "current_sign_in_at" = $2, "sign_in_count" = $3, "updated_at" = $4 WHERE "users"."id" = $5  [["last_sign_in_at", "2015-12-24 07:30:26.223688"], ["current_sign_in_at", "2015-12-25 09:19:58.072383"], ["sign_in_count", 10], ["updated_at", "2015-12-25 09:19:58.076347"], ["id", 2]]
  [1m[36m (1.5ms)[0m  [1mCOMMIT[0m
Redirected to http://localhost:3000/oauth/authorize?client_id=c2a52ce1b2788f43a1718ade767bc41812df4bdaa2d6d04630c8195ea35f6fbe&redirect_uri=http://localhost:8080/&response_type=token
Completed 302 Found in 196ms (ActiveRecord: 35.7ms)


Started GET "/oauth/authorize?client_id=c2a52ce1b2788f43a1718ade767bc41812df4bdaa2d6d04630c8195ea35f6fbe&redirect_uri=http://localhost:8080/&response_type=token" for ::1 at 2015-12-25 18:19:58 +0900
Processing by Doorkeeper::AuthorizationsController#new as HTML
  Parameters: {"client_id"=>"c2a52ce1b2788f43a1718ade767bc41812df4bdaa2d6d04630c8195ea35f6fbe", "redirect_uri"=>"http://localhost:8080/", "response_type"=>"token"}
  [1m[35mUser Load (0.3ms)[0m  SELECT  "users".* FROM "users" WHERE "users"."id" = $1  ORDER BY "users"."id" ASC LIMIT 1  [["id", 2]]
  [1m[36mDoorkeeper::Application Load (3.0ms)[0m  [1mSELECT  "oauth_applications".* FROM "oauth_applications" WHERE "oauth_applications"."uid" = $1 LIMIT 1[0m  [["uid", "c2a52ce1b2788f43a1718ade767bc41812df4bdaa2d6d04630c8195ea35f6fbe"]]
  Rendered doorkeeper/authorizations/error.html.erb within layouts/doorkeeper/application (0.6ms)
Completed 200 OK in 67ms (Views: 55.3ms | ActiveRecord: 5.6ms)


Started GET "/login" for ::1 at 2015-12-25 18:21:55 +0900
  [1m[36mActiveRecord::SchemaMigration Load (0.6ms)[0m  [1mSELECT "schema_migrations".* FROM "schema_migrations"[0m

ActionController::RoutingError (No route matches [GET] "/login"):
  actionpack (4.2.5) lib/action_dispatch/middleware/debug_exceptions.rb:21:in `call'
  web-console (2.2.1) lib/web_console/middleware.rb:39:in `call'
  actionpack (4.2.5) lib/action_dispatch/middleware/show_exceptions.rb:30:in `call'
  railties (4.2.5) lib/rails/rack/logger.rb:38:in `call_app'
  railties (4.2.5) lib/rails/rack/logger.rb:20:in `block in call'
  activesupport (4.2.5) lib/active_support/tagged_logging.rb:68:in `block in tagged'
  activesupport (4.2.5) lib/active_support/tagged_logging.rb:26:in `tagged'
  activesupport (4.2.5) lib/active_support/tagged_logging.rb:68:in `tagged'
  railties (4.2.5) lib/rails/rack/logger.rb:20:in `call'
  quiet_assets (1.1.0) lib/quiet_assets.rb:27:in `call_with_quiet_assets'
  actionpack (4.2.5) lib/action_dispatch/middleware/request_id.rb:21:in `call'
  rack (1.6.4) lib/rack/methodoverride.rb:22:in `call'
  rack (1.6.4) lib/rack/runtime.rb:18:in `call'
  activesupport (4.2.5) lib/active_support/cache/strategy/local_cache_middleware.rb:28:in `call'
  rack (1.6.4) lib/rack/lock.rb:17:in `call'
  actionpack (4.2.5) lib/action_dispatch/middleware/static.rb:116:in `call'
  rack-cors (0.4.0) lib/rack/cors.rb:80:in `call'
  rack (1.6.4) lib/rack/sendfile.rb:113:in `call'
  railties (4.2.5) lib/rails/engine.rb:518:in `call'
  railties (4.2.5) lib/rails/application.rb:165:in `call'
  rack (1.6.4) lib/rack/lock.rb:17:in `call'
  rack (1.6.4) lib/rack/content_length.rb:15:in `call'
  rack (1.6.4) lib/rack/handler/webrick.rb:88:in `service'
  /Users/equus/.rbenv/versions/2.2.4/lib/ruby/2.2.0/webrick/httpserver.rb:138:in `service'
  /Users/equus/.rbenv/versions/2.2.4/lib/ruby/2.2.0/webrick/httpserver.rb:94:in `run'
  /Users/equus/.rbenv/versions/2.2.4/lib/ruby/2.2.0/webrick/server.rb:294:in `block in start_thread'


  Rendered /Users/equus/.rbenv/versions/2.2.4/lib/ruby/gems/2.2.0/gems/actionpack-4.2.5/lib/action_dispatch/middleware/templates/rescues/_trace.html.erb (1.4ms)
  Rendered /Users/equus/.rbenv/versions/2.2.4/lib/ruby/gems/2.2.0/gems/actionpack-4.2.5/lib/action_dispatch/middleware/templates/routes/_route.html.erb (1.8ms)
  Rendered /Users/equus/.rbenv/versions/2.2.4/lib/ruby/gems/2.2.0/gems/actionpack-4.2.5/lib/action_dispatch/middleware/templates/routes/_table.html.erb (14.8ms)
  Rendered /Users/equus/.rbenv/versions/2.2.4/lib/ruby/gems/2.2.0/gems/actionpack-4.2.5/lib/action_dispatch/middleware/templates/rescues/_request_and_response.html.erb (18.7ms)
  Rendered /Users/equus/.rbenv/versions/2.2.4/lib/ruby/gems/2.2.0/gems/actionpack-4.2.5/lib/action_dispatch/middleware/templates/rescues/routing_error.html.erb within rescues/layout (209.6ms)
  Rendered /Users/equus/.rbenv/versions/2.2.4/lib/ruby/gems/2.2.0/gems/web-console-2.2.1/lib/web_console/templates/_markup.html.erb (0.6ms)
  Rendered /Users/equus/.rbenv/versions/2.2.4/lib/ruby/gems/2.2.0/gems/web-console-2.2.1/lib/web_console/templates/_inner_console_markup.html.erb within layouts/inlined_string (0.3ms)
  Rendered /Users/equus/.rbenv/versions/2.2.4/lib/ruby/gems/2.2.0/gems/web-console-2.2.1/lib/web_console/templates/_prompt_box_markup.html.erb within layouts/inlined_string (0.3ms)
  Rendered /Users/equus/.rbenv/versions/2.2.4/lib/ruby/gems/2.2.0/gems/web-console-2.2.1/lib/web_console/templates/style.css.erb within layouts/inlined_string (0.3ms)
  Rendered /Users/equus/.rbenv/versions/2.2.4/lib/ruby/gems/2.2.0/gems/web-console-2.2.1/lib/web_console/templates/console.js.erb within layouts/javascript (109.8ms)
  Rendered /Users/equus/.rbenv/versions/2.2.4/lib/ruby/gems/2.2.0/gems/web-console-2.2.1/lib/web_console/templates/main.js.erb within layouts/javascript (0.3ms)
  Rendered /Users/equus/.rbenv/versions/2.2.4/lib/ruby/gems/2.2.0/gems/web-console-2.2.1/lib/web_console/templates/error_page.js.erb within layouts/javascript (0.4ms)
  Rendered /Users/equus/.rbenv/versions/2.2.4/lib/ruby/gems/2.2.0/gems/web-console-2.2.1/lib/web_console/templates/index.html.erb (251.8ms)


Started GET "/oauth/authorize?client_id=c2a52ce1b2788f43a1718ade767bc41812df4bdaa2d6d04630c8195ea35f6fbe&redirect_uri=http://localhost:3000/&response_type=token" for ::1 at 2015-12-25 18:22:02 +0900
Processing by Doorkeeper::AuthorizationsController#new as HTML
  Parameters: {"client_id"=>"c2a52ce1b2788f43a1718ade767bc41812df4bdaa2d6d04630c8195ea35f6fbe", "redirect_uri"=>"http://localhost:3000/", "response_type"=>"token"}
  [1m[35mUser Load (0.7ms)[0m  SELECT  "users".* FROM "users" WHERE "users"."id" = $1  ORDER BY "users"."id" ASC LIMIT 1  [["id", 2]]
  [1m[36mDoorkeeper::Application Load (0.8ms)[0m  [1mSELECT  "oauth_applications".* FROM "oauth_applications" WHERE "oauth_applications"."uid" = $1 LIMIT 1[0m  [["uid", "c2a52ce1b2788f43a1718ade767bc41812df4bdaa2d6d04630c8195ea35f6fbe"]]
  Rendered doorkeeper/authorizations/error.html.erb within layouts/doorkeeper/application (458.3ms)
Completed 200 OK in 925ms (Views: 880.6ms | ActiveRecord: 7.4ms)


Started GET "/oauth/applications" for ::1 at 2015-12-25 18:22:55 +0900
Processing by Doorkeeper::ApplicationsController#index as HTML
  [1m[35mDoorkeeper::Application Load (30.9ms)[0m  SELECT "oauth_applications".* FROM "oauth_applications"
  Rendered doorkeeper/applications/_delete_form.html.erb (3.5ms)
  Rendered doorkeeper/applications/_delete_form.html.erb (0.4ms)
  Rendered doorkeeper/applications/index.html.erb within layouts/doorkeeper/admin (46.7ms)
Completed 200 OK in 76ms (Views: 44.1ms | ActiveRecord: 30.9ms)


Started GET "/oauth/applications/new" for ::1 at 2015-12-25 18:23:06 +0900
Processing by Doorkeeper::ApplicationsController#new as HTML
  Rendered doorkeeper/applications/_form.html.erb (31.2ms)
  Rendered doorkeeper/applications/new.html.erb within layouts/doorkeeper/admin (37.8ms)
Completed 200 OK in 55ms (Views: 54.1ms | ActiveRecord: 0.0ms)


Started POST "/oauth/applications" for ::1 at 2015-12-25 18:23:22 +0900
Processing by Doorkeeper::ApplicationsController#create as HTML
  Parameters: {"utf8"=>"✓", "authenticity_token"=>"[FILTERED]", "doorkeeper_application"=>{"name"=>"sample2", "redirect_uri"=>"http://localhost:8080"}, "commit"=>"Submit"}
  [1m[36m (6.3ms)[0m  [1mBEGIN[0m
  [1m[35mDoorkeeper::Application Exists (8.4ms)[0m  SELECT  1 AS one FROM "oauth_applications" WHERE "oauth_applications"."uid" = '2f8b1264fc3918879ebcd9cd7712174d468dee2ef6c017ac279caf314f8e1c84' LIMIT 1
  [1m[36mSQL (4.8ms)[0m  [1mINSERT INTO "oauth_applications" ("name", "redirect_uri", "uid", "secret", "created_at", "updated_at") VALUES ($1, $2, $3, $4, $5, $6) RETURNING "id"[0m  [["name", "sample2"], ["redirect_uri", "http://localhost:8080"], ["uid", "2f8b1264fc3918879ebcd9cd7712174d468dee2ef6c017ac279caf314f8e1c84"], ["secret", "6ae85d745b8fc2c3842be20af37b4eac812164bc27ea1bfc19f6c6590eae0031"], ["created_at", "2015-12-25 09:23:22.245082"], ["updated_at", "2015-12-25 09:23:22.245082"]]
  [1m[35m (1.7ms)[0m  COMMIT
Redirected to http://localhost:3000/oauth/applications/4
Completed 302 Found in 85ms (ActiveRecord: 21.2ms)


Started GET "/oauth/applications/4" for ::1 at 2015-12-25 18:23:22 +0900
Processing by Doorkeeper::ApplicationsController#show as HTML
  Parameters: {"id"=>"4"}
  [1m[36mDoorkeeper::Application Load (0.2ms)[0m  [1mSELECT  "oauth_applications".* FROM "oauth_applications" WHERE "oauth_applications"."id" = $1 LIMIT 1[0m  [["id", 4]]
  Rendered doorkeeper/applications/_delete_form.html.erb (1.2ms)
  Rendered doorkeeper/applications/show.html.erb within layouts/doorkeeper/admin (5.1ms)
Completed 200 OK in 18ms (Views: 14.6ms | ActiveRecord: 0.2ms)


Started GET "/oauth/applications" for ::1 at 2015-12-25 18:23:24 +0900
Processing by Doorkeeper::ApplicationsController#index as HTML
  [1m[35mDoorkeeper::Application Load (0.5ms)[0m  SELECT "oauth_applications".* FROM "oauth_applications"
  Rendered doorkeeper/applications/_delete_form.html.erb (1.0ms)
  Rendered doorkeeper/applications/_delete_form.html.erb (0.6ms)
  Rendered doorkeeper/applications/_delete_form.html.erb (0.7ms)
  Rendered doorkeeper/applications/index.html.erb within layouts/doorkeeper/admin (20.6ms)
Completed 200 OK in 35ms (Views: 34.6ms | ActiveRecord: 0.5ms)


Started GET "/oauth/applications/3/edit" for ::1 at 2015-12-25 18:23:26 +0900
Processing by Doorkeeper::ApplicationsController#edit as HTML
  Parameters: {"id"=>"3"}
  [1m[36mDoorkeeper::Application Load (0.4ms)[0m  [1mSELECT  "oauth_applications".* FROM "oauth_applications" WHERE "oauth_applications"."id" = $1 LIMIT 1[0m  [["id", 3]]
  Rendered doorkeeper/applications/_form.html.erb (1.7ms)
  Rendered doorkeeper/applications/edit.html.erb within layouts/doorkeeper/admin (4.6ms)
Completed 200 OK in 19ms (Views: 17.7ms | ActiveRecord: 0.4ms)


Started PATCH "/oauth/applications/3" for ::1 at 2015-12-25 18:23:31 +0900
Processing by Doorkeeper::ApplicationsController#update as HTML
  Parameters: {"utf8"=>"✓", "authenticity_token"=>"[FILTERED]", "doorkeeper_application"=>{"name"=>"react-sample", "redirect_uri"=>"http://localhost:3000"}, "commit"=>"Submit", "id"=>"3"}
  [1m[35mDoorkeeper::Application Load (0.4ms)[0m  SELECT  "oauth_applications".* FROM "oauth_applications" WHERE "oauth_applications"."id" = $1 LIMIT 1  [["id", 3]]
  [1m[36m (0.2ms)[0m  [1mBEGIN[0m
  [1m[35mDoorkeeper::Application Exists (0.7ms)[0m  SELECT  1 AS one FROM "oauth_applications" WHERE ("oauth_applications"."uid" = 'c2a52ce1b2788f43a1718ade767bc41812df4bdaa2d6d04630c8195ea35f6fbe' AND "oauth_applications"."id" != 3) LIMIT 1
  [1m[36mSQL (0.5ms)[0m  [1mUPDATE "oauth_applications" SET "redirect_uri" = $1, "updated_at" = $2 WHERE "oauth_applications"."id" = $3[0m  [["redirect_uri", "http://localhost:3000"], ["updated_at", "2015-12-25 09:23:31.947442"], ["id", 3]]
  [1m[35m (6.2ms)[0m  COMMIT
Redirected to http://localhost:3000/oauth/applications/3
Completed 302 Found in 17ms (ActiveRecord: 8.0ms)


Started GET "/oauth/applications/3" for ::1 at 2015-12-25 18:23:31 +0900
Processing by Doorkeeper::ApplicationsController#show as HTML
  Parameters: {"id"=>"3"}
  [1m[36mDoorkeeper::Application Load (0.3ms)[0m  [1mSELECT  "oauth_applications".* FROM "oauth_applications" WHERE "oauth_applications"."id" = $1 LIMIT 1[0m  [["id", 3]]
  Rendered doorkeeper/applications/_delete_form.html.erb (0.5ms)
  Rendered doorkeeper/applications/show.html.erb within layouts/doorkeeper/admin (3.6ms)
Completed 200 OK in 14ms (Views: 13.1ms | ActiveRecord: 0.3ms)


Started GET "/oauth/applications" for ::1 at 2015-12-25 18:23:34 +0900
Processing by Doorkeeper::ApplicationsController#index as HTML
  [1m[35mDoorkeeper::Application Load (0.3ms)[0m  SELECT "oauth_applications".* FROM "oauth_applications"
  Rendered doorkeeper/applications/_delete_form.html.erb (0.8ms)
  Rendered doorkeeper/applications/_delete_form.html.erb (0.4ms)
  Rendered doorkeeper/applications/_delete_form.html.erb (0.3ms)
  Rendered doorkeeper/applications/index.html.erb within layouts/doorkeeper/admin (11.3ms)
Completed 200 OK in 26ms (Views: 25.1ms | ActiveRecord: 0.3ms)


Started GET "/oauth/authorize?client_id=c2a52ce1b2788f43a1718ade767bc41812df4bdaa2d6d04630c8195ea35f6fbe&redirect_uri=http://localhost:3000/&response_type=token" for ::1 at 2015-12-25 18:23:40 +0900
Processing by Doorkeeper::AuthorizationsController#new as HTML
  Parameters: {"client_id"=>"c2a52ce1b2788f43a1718ade767bc41812df4bdaa2d6d04630c8195ea35f6fbe", "redirect_uri"=>"http://localhost:3000/", "response_type"=>"token"}
  [1m[36mUser Load (6.4ms)[0m  [1mSELECT  "users".* FROM "users" WHERE "users"."id" = $1  ORDER BY "users"."id" ASC LIMIT 1[0m  [["id", 2]]
  [1m[35mDoorkeeper::Application Load (0.4ms)[0m  SELECT  "oauth_applications".* FROM "oauth_applications" WHERE "oauth_applications"."uid" = $1 LIMIT 1  [["uid", "c2a52ce1b2788f43a1718ade767bc41812df4bdaa2d6d04630c8195ea35f6fbe"]]
  Rendered doorkeeper/authorizations/error.html.erb within layouts/doorkeeper/application (0.3ms)
Completed 200 OK in 52ms (Views: 43.1ms | ActiveRecord: 6.9ms)


Started GET "/oauth/authorize?client_id=c2a52ce1b2788f43a1718ade767bc41812df4bdaa2d6d04630c8195ea35f6fbe&redirect_uri=http://localhost:3000/&response_type=token" for ::1 at 2015-12-25 18:24:09 +0900
Processing by Doorkeeper::AuthorizationsController#new as HTML
  Parameters: {"client_id"=>"c2a52ce1b2788f43a1718ade767bc41812df4bdaa2d6d04630c8195ea35f6fbe", "redirect_uri"=>"http://localhost:3000/", "response_type"=>"token"}
  [1m[36mUser Load (0.4ms)[0m  [1mSELECT  "users".* FROM "users" WHERE "users"."id" = $1  ORDER BY "users"."id" ASC LIMIT 1[0m  [["id", 2]]
  [1m[35mDoorkeeper::Application Load (0.4ms)[0m  SELECT  "oauth_applications".* FROM "oauth_applications" WHERE "oauth_applications"."uid" = $1 LIMIT 1  [["uid", "c2a52ce1b2788f43a1718ade767bc41812df4bdaa2d6d04630c8195ea35f6fbe"]]
  Rendered doorkeeper/authorizations/error.html.erb within layouts/doorkeeper/application (0.4ms)
Completed 200 OK in 45ms (Views: 41.5ms | ActiveRecord: 0.8ms)


Started GET "/oauth/applications" for ::1 at 2015-12-25 18:24:18 +0900
Processing by Doorkeeper::ApplicationsController#index as HTML
  [1m[36mDoorkeeper::Application Load (0.4ms)[0m  [1mSELECT "oauth_applications".* FROM "oauth_applications"[0m
  Rendered doorkeeper/applications/_delete_form.html.erb (0.6ms)
  Rendered doorkeeper/applications/_delete_form.html.erb (0.4ms)
  Rendered doorkeeper/applications/_delete_form.html.erb (0.6ms)
  Rendered doorkeeper/applications/index.html.erb within layouts/doorkeeper/admin (13.4ms)
Completed 200 OK in 23ms (Views: 22.0ms | ActiveRecord: 0.4ms)


Started GET "/oauth/applications/3" for ::1 at 2015-12-25 18:26:16 +0900
Processing by Doorkeeper::ApplicationsController#show as HTML
  Parameters: {"id"=>"3"}
  [1m[35mDoorkeeper::Application Load (0.4ms)[0m  SELECT  "oauth_applications".* FROM "oauth_applications" WHERE "oauth_applications"."id" = $1 LIMIT 1  [["id", 3]]
  Rendered doorkeeper/applications/_delete_form.html.erb (0.8ms)
  Rendered doorkeeper/applications/show.html.erb within layouts/doorkeeper/admin (4.6ms)
Completed 200 OK in 20ms (Views: 18.8ms | ActiveRecord: 0.4ms)


Started GET "/oauth/authorize?client_id=c2a52ce1b2788f43a1718ade767bc41812df4bdaa2d6d04630c8195ea35f6fbe&redirect_uri=http://localhost:3000/&response_type=token" for ::1 at 2015-12-25 18:26:28 +0900
Processing by Doorkeeper::AuthorizationsController#new as HTML
  Parameters: {"client_id"=>"c2a52ce1b2788f43a1718ade767bc41812df4bdaa2d6d04630c8195ea35f6fbe", "redirect_uri"=>"http://localhost:3000/", "response_type"=>"token"}
  [1m[36mUser Load (1.2ms)[0m  [1mSELECT  "users".* FROM "users" WHERE "users"."id" = $1  ORDER BY "users"."id" ASC LIMIT 1[0m  [["id", 2]]
  [1m[35mDoorkeeper::Application Load (0.4ms)[0m  SELECT  "oauth_applications".* FROM "oauth_applications" WHERE "oauth_applications"."uid" = $1 LIMIT 1  [["uid", "c2a52ce1b2788f43a1718ade767bc41812df4bdaa2d6d04630c8195ea35f6fbe"]]
  Rendered doorkeeper/authorizations/error.html.erb within layouts/doorkeeper/application (0.6ms)
Completed 200 OK in 42ms (Views: 35.7ms | ActiveRecord: 1.6ms)


Started GET "/users/sign_in" for ::1 at 2015-12-25 18:26:51 +0900
Processing by Devise::SessionsController#new as HTML
  [1m[36mUser Load (0.5ms)[0m  [1mSELECT  "users".* FROM "users" WHERE "users"."id" = $1  ORDER BY "users"."id" ASC LIMIT 1[0m  [["id", 2]]
Redirected to http://localhost:3000/oauth/authorize?client_id=c2a52ce1b2788f43a1718ade767bc41812df4bdaa2d6d04630c8195ea35f6fbe&redirect_uri=http://localhost:3000/&response_type=token
Filter chain halted as :require_no_authentication rendered or redirected
Completed 302 Found in 3ms (ActiveRecord: 0.5ms)


Started GET "/oauth/authorize?client_id=c2a52ce1b2788f43a1718ade767bc41812df4bdaa2d6d04630c8195ea35f6fbe&redirect_uri=http://localhost:3000/&response_type=token" for ::1 at 2015-12-25 18:26:51 +0900
Processing by Doorkeeper::AuthorizationsController#new as HTML
  Parameters: {"client_id"=>"c2a52ce1b2788f43a1718ade767bc41812df4bdaa2d6d04630c8195ea35f6fbe", "redirect_uri"=>"http://localhost:3000/", "response_type"=>"token"}
  [1m[35mUser Load (5.2ms)[0m  SELECT  "users".* FROM "users" WHERE "users"."id" = $1  ORDER BY "users"."id" ASC LIMIT 1  [["id", 2]]
  [1m[36mDoorkeeper::Application Load (0.3ms)[0m  [1mSELECT  "oauth_applications".* FROM "oauth_applications" WHERE "oauth_applications"."uid" = $1 LIMIT 1[0m  [["uid", "c2a52ce1b2788f43a1718ade767bc41812df4bdaa2d6d04630c8195ea35f6fbe"]]
  Rendered doorkeeper/authorizations/error.html.erb within layouts/doorkeeper/application (0.3ms)
Completed 200 OK in 31ms (Views: 23.3ms | ActiveRecord: 5.5ms)


Started GET "/users/sign_up" for ::1 at 2015-12-25 18:27:00 +0900
Processing by Devise::RegistrationsController#new as HTML
  [1m[35mUser Load (0.3ms)[0m  SELECT  "users".* FROM "users" WHERE "users"."id" = $1  ORDER BY "users"."id" ASC LIMIT 1  [["id", 2]]
Redirected to http://localhost:3000/oauth/authorize?client_id=c2a52ce1b2788f43a1718ade767bc41812df4bdaa2d6d04630c8195ea35f6fbe&redirect_uri=http://localhost:3000/&response_type=token
Filter chain halted as :require_no_authentication rendered or redirected
Completed 302 Found in 4ms (ActiveRecord: 0.3ms)


Started GET "/oauth/authorize?client_id=c2a52ce1b2788f43a1718ade767bc41812df4bdaa2d6d04630c8195ea35f6fbe&redirect_uri=http://localhost:3000/&response_type=token" for ::1 at 2015-12-25 18:27:00 +0900
Processing by Doorkeeper::AuthorizationsController#new as HTML
  Parameters: {"client_id"=>"c2a52ce1b2788f43a1718ade767bc41812df4bdaa2d6d04630c8195ea35f6fbe", "redirect_uri"=>"http://localhost:3000/", "response_type"=>"token"}
  [1m[36mUser Load (0.3ms)[0m  [1mSELECT  "users".* FROM "users" WHERE "users"."id" = $1  ORDER BY "users"."id" ASC LIMIT 1[0m  [["id", 2]]
  [1m[35mDoorkeeper::Application Load (0.3ms)[0m  SELECT  "oauth_applications".* FROM "oauth_applications" WHERE "oauth_applications"."uid" = $1 LIMIT 1  [["uid", "c2a52ce1b2788f43a1718ade767bc41812df4bdaa2d6d04630c8195ea35f6fbe"]]
  Rendered doorkeeper/authorizations/error.html.erb within layouts/doorkeeper/application (0.6ms)
Completed 200 OK in 41ms (Views: 34.1ms | ActiveRecord: 0.6ms)


Started GET "/oauth/authorize?client_id=c2a52ce1b2788f43a1718ade767bc41812df4bdaa2d6d04630c8195ea35f6fbe&redirect_uri=http://localhost:3000/&response_type=token" for ::1 at 2015-12-25 18:27:49 +0900
Processing by Doorkeeper::AuthorizationsController#new as HTML
  Parameters: {"client_id"=>"c2a52ce1b2788f43a1718ade767bc41812df4bdaa2d6d04630c8195ea35f6fbe", "redirect_uri"=>"http://localhost:3000/", "response_type"=>"token"}
  [1m[36mUser Load (0.3ms)[0m  [1mSELECT  "users".* FROM "users" WHERE "users"."id" = $1  ORDER BY "users"."id" ASC LIMIT 1[0m  [["id", 2]]
  [1m[35mDoorkeeper::Application Load (0.3ms)[0m  SELECT  "oauth_applications".* FROM "oauth_applications" WHERE "oauth_applications"."uid" = $1 LIMIT 1  [["uid", "c2a52ce1b2788f43a1718ade767bc41812df4bdaa2d6d04630c8195ea35f6fbe"]]
  Rendered doorkeeper/authorizations/error.html.erb within layouts/doorkeeper/application (0.2ms)
Completed 200 OK in 46ms (Views: 42.9ms | ActiveRecord: 0.6ms)


Started GET "/oauth/authorize?client_id=c2a52ce1b2788f43a1718ade767bc41812df4bdaa2d6d04630c8195ea35f6fbe&redirect_uri=http://localhost:3000/&response_type=token" for ::1 at 2015-12-28 13:00:00 +0900
  [1m[36mActiveRecord::SchemaMigration Load (24.5ms)[0m  [1mSELECT "schema_migrations".* FROM "schema_migrations"[0m
Processing by Doorkeeper::AuthorizationsController#new as HTML
  Parameters: {"client_id"=>"c2a52ce1b2788f43a1718ade767bc41812df4bdaa2d6d04630c8195ea35f6fbe", "redirect_uri"=>"http://localhost:3000/", "response_type"=>"token"}
Redirected to http://localhost:3000/users/sign_in
Filter chain halted as :authenticate_resource_owner! rendered or redirected
Completed 302 Found in 15ms (ActiveRecord: 0.0ms)


Started GET "/users/sign_in" for ::1 at 2015-12-28 13:00:01 +0900
Processing by Devise::SessionsController#new as HTML
  Rendered devise/sessions/new.html.erb within layouts/application (518.3ms)
  Rendered layouts/_navigation.html.slim (5.0ms)
  Rendered layouts/_messages.html.slim (3.1ms)
Completed 200 OK in 1355ms (Views: 1310.7ms | ActiveRecord: 32.8ms)


Started GET "/users/sign_in/undefined/api/undefined/swagger_doc" for ::1 at 2015-12-28 13:00:02 +0900

ActionController::RoutingError (No route matches [GET] "/users/sign_in/undefined/api/undefined/swagger_doc"):
  actionpack (4.2.5) lib/action_dispatch/middleware/debug_exceptions.rb:21:in `call'
  web-console (2.2.1) lib/web_console/middleware.rb:39:in `call'
  actionpack (4.2.5) lib/action_dispatch/middleware/show_exceptions.rb:30:in `call'
  railties (4.2.5) lib/rails/rack/logger.rb:38:in `call_app'
  railties (4.2.5) lib/rails/rack/logger.rb:20:in `block in call'
  activesupport (4.2.5) lib/active_support/tagged_logging.rb:68:in `block in tagged'
  activesupport (4.2.5) lib/active_support/tagged_logging.rb:26:in `tagged'
  activesupport (4.2.5) lib/active_support/tagged_logging.rb:68:in `tagged'
  railties (4.2.5) lib/rails/rack/logger.rb:20:in `call'
  quiet_assets (1.1.0) lib/quiet_assets.rb:27:in `call_with_quiet_assets'
  actionpack (4.2.5) lib/action_dispatch/middleware/request_id.rb:21:in `call'
  rack (1.6.4) lib/rack/methodoverride.rb:22:in `call'
  rack (1.6.4) lib/rack/runtime.rb:18:in `call'
  activesupport (4.2.5) lib/active_support/cache/strategy/local_cache_middleware.rb:28:in `call'
  rack (1.6.4) lib/rack/lock.rb:17:in `call'
  actionpack (4.2.5) lib/action_dispatch/middleware/static.rb:116:in `call'
  rack-cors (0.4.0) lib/rack/cors.rb:80:in `call'
  rack (1.6.4) lib/rack/sendfile.rb:113:in `call'
  railties (4.2.5) lib/rails/engine.rb:518:in `call'
  railties (4.2.5) lib/rails/application.rb:165:in `call'
  rack (1.6.4) lib/rack/lock.rb:17:in `call'
  rack (1.6.4) lib/rack/content_length.rb:15:in `call'
  rack (1.6.4) lib/rack/handler/webrick.rb:88:in `service'
  /Users/equus/.rbenv/versions/2.2.4/lib/ruby/2.2.0/webrick/httpserver.rb:138:in `service'
  /Users/equus/.rbenv/versions/2.2.4/lib/ruby/2.2.0/webrick/httpserver.rb:94:in `run'
  /Users/equus/.rbenv/versions/2.2.4/lib/ruby/2.2.0/webrick/server.rb:294:in `block in start_thread'


  Rendered /Users/equus/.rbenv/versions/2.2.4/lib/ruby/gems/2.2.0/gems/actionpack-4.2.5/lib/action_dispatch/middleware/templates/rescues/_trace.html.erb (2.1ms)
  Rendered /Users/equus/.rbenv/versions/2.2.4/lib/ruby/gems/2.2.0/gems/actionpack-4.2.5/lib/action_dispatch/middleware/templates/routes/_route.html.erb (4.1ms)
  Rendered /Users/equus/.rbenv/versions/2.2.4/lib/ruby/gems/2.2.0/gems/actionpack-4.2.5/lib/action_dispatch/middleware/templates/routes/_table.html.erb (5.3ms)
  Rendered /Users/equus/.rbenv/versions/2.2.4/lib/ruby/gems/2.2.0/gems/actionpack-4.2.5/lib/action_dispatch/middleware/templates/rescues/_request_and_response.html.erb (1.8ms)
  Rendered /Users/equus/.rbenv/versions/2.2.4/lib/ruby/gems/2.2.0/gems/actionpack-4.2.5/lib/action_dispatch/middleware/templates/rescues/routing_error.html.erb within rescues/layout (222.9ms)
  Rendered /Users/equus/.rbenv/versions/2.2.4/lib/ruby/gems/2.2.0/gems/web-console-2.2.1/lib/web_console/templates/_markup.html.erb (0.7ms)
  Rendered /Users/equus/.rbenv/versions/2.2.4/lib/ruby/gems/2.2.0/gems/web-console-2.2.1/lib/web_console/templates/_inner_console_markup.html.erb within layouts/inlined_string (0.5ms)
  Rendered /Users/equus/.rbenv/versions/2.2.4/lib/ruby/gems/2.2.0/gems/web-console-2.2.1/lib/web_console/templates/_prompt_box_markup.html.erb within layouts/inlined_string (0.7ms)
  Rendered /Users/equus/.rbenv/versions/2.2.4/lib/ruby/gems/2.2.0/gems/web-console-2.2.1/lib/web_console/templates/style.css.erb within layouts/inlined_string (0.8ms)
  Rendered /Users/equus/.rbenv/versions/2.2.4/lib/ruby/gems/2.2.0/gems/web-console-2.2.1/lib/web_console/templates/console.js.erb within layouts/javascript (115.5ms)
  Rendered /Users/equus/.rbenv/versions/2.2.4/lib/ruby/gems/2.2.0/gems/web-console-2.2.1/lib/web_console/templates/main.js.erb within layouts/javascript (0.3ms)
  Rendered /Users/equus/.rbenv/versions/2.2.4/lib/ruby/gems/2.2.0/gems/web-console-2.2.1/lib/web_console/templates/error_page.js.erb within layouts/javascript (0.4ms)
  Rendered /Users/equus/.rbenv/versions/2.2.4/lib/ruby/gems/2.2.0/gems/web-console-2.2.1/lib/web_console/templates/index.html.erb (252.7ms)


Started POST "/users/sign_in" for ::1 at 2015-12-28 13:00:10 +0900
Processing by Devise::SessionsController#create as HTML
  Parameters: {"utf8"=>"✓", "authenticity_token"=>"[FILTERED]", "user"=>{"email"=>"junwako@gmail.com", "password"=>"[FILTERED]", "remember_me"=>"0"}, "commit"=>"Sign in"}
  [1m[35mUser Load (27.1ms)[0m  SELECT  "users".* FROM "users" WHERE "users"."email" = $1  ORDER BY "users"."id" ASC LIMIT 1  [["email", "junwako@gmail.com"]]
  [1m[36m (1.7ms)[0m  [1mBEGIN[0m
  [1m[35mSQL (1.8ms)[0m  UPDATE "users" SET "last_sign_in_at" = $1, "current_sign_in_at" = $2, "sign_in_count" = $3, "updated_at" = $4 WHERE "users"."id" = $5  [["last_sign_in_at", "2015-12-25 09:19:58.072383"], ["current_sign_in_at", "2015-12-28 04:00:11.020136"], ["sign_in_count", 11], ["updated_at", "2015-12-28 04:00:11.024207"], ["id", 2]]
  [1m[36m (1.4ms)[0m  [1mCOMMIT[0m
Redirected to http://localhost:3000/oauth/authorize?client_id=c2a52ce1b2788f43a1718ade767bc41812df4bdaa2d6d04630c8195ea35f6fbe&redirect_uri=http://localhost:3000/&response_type=token
Completed 302 Found in 196ms (ActiveRecord: 32.3ms)


Started GET "/oauth/authorize?client_id=c2a52ce1b2788f43a1718ade767bc41812df4bdaa2d6d04630c8195ea35f6fbe&redirect_uri=http://localhost:3000/&response_type=token" for ::1 at 2015-12-28 13:00:11 +0900
Processing by Doorkeeper::AuthorizationsController#new as HTML
  Parameters: {"client_id"=>"c2a52ce1b2788f43a1718ade767bc41812df4bdaa2d6d04630c8195ea35f6fbe", "redirect_uri"=>"http://localhost:3000/", "response_type"=>"token"}
  [1m[35mUser Load (0.3ms)[0m  SELECT  "users".* FROM "users" WHERE "users"."id" = $1  ORDER BY "users"."id" ASC LIMIT 1  [["id", 2]]
  [1m[36mDoorkeeper::Application Load (3.1ms)[0m  [1mSELECT  "oauth_applications".* FROM "oauth_applications" WHERE "oauth_applications"."uid" = $1 LIMIT 1[0m  [["uid", "c2a52ce1b2788f43a1718ade767bc41812df4bdaa2d6d04630c8195ea35f6fbe"]]
  Rendered doorkeeper/authorizations/error.html.erb within layouts/doorkeeper/application (0.9ms)
Completed 200 OK in 76ms (Views: 60.5ms | ActiveRecord: 5.8ms)


Started GET "/oauth/applications" for ::1 at 2015-12-28 13:00:41 +0900
Processing by Doorkeeper::ApplicationsController#index as HTML
  [1m[35mDoorkeeper::Application Load (0.4ms)[0m  SELECT "oauth_applications".* FROM "oauth_applications"
  Rendered doorkeeper/applications/_delete_form.html.erb (1.6ms)
  Rendered doorkeeper/applications/_delete_form.html.erb (0.3ms)
  Rendered doorkeeper/applications/_delete_form.html.erb (0.5ms)
  Rendered doorkeeper/applications/index.html.erb within layouts/doorkeeper/admin (17.5ms)
Completed 200 OK in 70ms (Views: 68.8ms | ActiveRecord: 0.4ms)


Started GET "/oauth/applications/3" for ::1 at 2015-12-28 13:00:46 +0900
Processing by Doorkeeper::ApplicationsController#show as HTML
  Parameters: {"id"=>"3"}
  [1m[36mDoorkeeper::Application Load (0.3ms)[0m  [1mSELECT  "oauth_applications".* FROM "oauth_applications" WHERE "oauth_applications"."id" = $1 LIMIT 1[0m  [["id", 3]]
  Rendered doorkeeper/applications/_delete_form.html.erb (1.3ms)
  Rendered doorkeeper/applications/show.html.erb within layouts/doorkeeper/admin (6.2ms)
Completed 200 OK in 23ms (Views: 17.9ms | ActiveRecord: 0.3ms)


Started GET "/oauth/authorize?client_id=c2a52ce1b2788f43a1718ade767bc41812df4bdaa2d6d04630c8195ea35f6fbe&redirect_uri=http%3A%2F%2Flocalhost%3A3000&response_type=token" for ::1 at 2015-12-28 13:01:01 +0900
Processing by Doorkeeper::AuthorizationsController#new as HTML
  Parameters: {"client_id"=>"c2a52ce1b2788f43a1718ade767bc41812df4bdaa2d6d04630c8195ea35f6fbe", "redirect_uri"=>"http://localhost:3000", "response_type"=>"token"}
  [1m[35mUser Load (0.4ms)[0m  SELECT  "users".* FROM "users" WHERE "users"."id" = $1  ORDER BY "users"."id" ASC LIMIT 1  [["id", 2]]
  [1m[36mDoorkeeper::Application Load (0.4ms)[0m  [1mSELECT  "oauth_applications".* FROM "oauth_applications" WHERE "oauth_applications"."uid" = $1 LIMIT 1[0m  [["uid", "c2a52ce1b2788f43a1718ade767bc41812df4bdaa2d6d04630c8195ea35f6fbe"]]
  Rendered doorkeeper/authorizations/error.html.erb within layouts/doorkeeper/application (0.3ms)
Completed 200 OK in 30ms (Views: 26.5ms | ActiveRecord: 0.8ms)


Started GET "/login" for ::1 at 2015-12-28 13:04:55 +0900

ActionController::RoutingError (No route matches [GET] "/login"):
  actionpack (4.2.5) lib/action_dispatch/middleware/debug_exceptions.rb:21:in `call'
  web-console (2.2.1) lib/web_console/middleware.rb:39:in `call'
  actionpack (4.2.5) lib/action_dispatch/middleware/show_exceptions.rb:30:in `call'
  railties (4.2.5) lib/rails/rack/logger.rb:38:in `call_app'
  railties (4.2.5) lib/rails/rack/logger.rb:20:in `block in call'
  activesupport (4.2.5) lib/active_support/tagged_logging.rb:68:in `block in tagged'
  activesupport (4.2.5) lib/active_support/tagged_logging.rb:26:in `tagged'
  activesupport (4.2.5) lib/active_support/tagged_logging.rb:68:in `tagged'
  railties (4.2.5) lib/rails/rack/logger.rb:20:in `call'
  quiet_assets (1.1.0) lib/quiet_assets.rb:27:in `call_with_quiet_assets'
  actionpack (4.2.5) lib/action_dispatch/middleware/request_id.rb:21:in `call'
  rack (1.6.4) lib/rack/methodoverride.rb:22:in `call'
  rack (1.6.4) lib/rack/runtime.rb:18:in `call'
  activesupport (4.2.5) lib/active_support/cache/strategy/local_cache_middleware.rb:28:in `call'
  rack (1.6.4) lib/rack/lock.rb:17:in `call'
  actionpack (4.2.5) lib/action_dispatch/middleware/static.rb:116:in `call'
  rack-cors (0.4.0) lib/rack/cors.rb:80:in `call'
  rack (1.6.4) lib/rack/sendfile.rb:113:in `call'
  railties (4.2.5) lib/rails/engine.rb:518:in `call'
  railties (4.2.5) lib/rails/application.rb:165:in `call'
  rack (1.6.4) lib/rack/lock.rb:17:in `call'
  rack (1.6.4) lib/rack/content_length.rb:15:in `call'
  rack (1.6.4) lib/rack/handler/webrick.rb:88:in `service'
  /Users/equus/.rbenv/versions/2.2.4/lib/ruby/2.2.0/webrick/httpserver.rb:138:in `service'
  /Users/equus/.rbenv/versions/2.2.4/lib/ruby/2.2.0/webrick/httpserver.rb:94:in `run'
  /Users/equus/.rbenv/versions/2.2.4/lib/ruby/2.2.0/webrick/server.rb:294:in `block in start_thread'


  Rendered /Users/equus/.rbenv/versions/2.2.4/lib/ruby/gems/2.2.0/gems/actionpack-4.2.5/lib/action_dispatch/middleware/templates/rescues/_trace.html.erb (1.4ms)
  Rendered /Users/equus/.rbenv/versions/2.2.4/lib/ruby/gems/2.2.0/gems/actionpack-4.2.5/lib/action_dispatch/middleware/templates/routes/_route.html.erb (1.9ms)
  Rendered /Users/equus/.rbenv/versions/2.2.4/lib/ruby/gems/2.2.0/gems/actionpack-4.2.5/lib/action_dispatch/middleware/templates/routes/_table.html.erb (37.2ms)
  Rendered /Users/equus/.rbenv/versions/2.2.4/lib/ruby/gems/2.2.0/gems/actionpack-4.2.5/lib/action_dispatch/middleware/templates/rescues/_request_and_response.html.erb (1.1ms)
  Rendered /Users/equus/.rbenv/versions/2.2.4/lib/ruby/gems/2.2.0/gems/actionpack-4.2.5/lib/action_dispatch/middleware/templates/rescues/routing_error.html.erb within rescues/layout (193.8ms)
  Rendered /Users/equus/.rbenv/versions/2.2.4/lib/ruby/gems/2.2.0/gems/web-console-2.2.1/lib/web_console/templates/_markup.html.erb (0.4ms)
  Rendered /Users/equus/.rbenv/versions/2.2.4/lib/ruby/gems/2.2.0/gems/web-console-2.2.1/lib/web_console/templates/_inner_console_markup.html.erb within layouts/inlined_string (0.3ms)
  Rendered /Users/equus/.rbenv/versions/2.2.4/lib/ruby/gems/2.2.0/gems/web-console-2.2.1/lib/web_console/templates/_prompt_box_markup.html.erb within layouts/inlined_string (0.3ms)
  Rendered /Users/equus/.rbenv/versions/2.2.4/lib/ruby/gems/2.2.0/gems/web-console-2.2.1/lib/web_console/templates/style.css.erb within layouts/inlined_string (0.3ms)
  Rendered /Users/equus/.rbenv/versions/2.2.4/lib/ruby/gems/2.2.0/gems/web-console-2.2.1/lib/web_console/templates/console.js.erb within layouts/javascript (104.3ms)
  Rendered /Users/equus/.rbenv/versions/2.2.4/lib/ruby/gems/2.2.0/gems/web-console-2.2.1/lib/web_console/templates/main.js.erb within layouts/javascript (0.3ms)
  Rendered /Users/equus/.rbenv/versions/2.2.4/lib/ruby/gems/2.2.0/gems/web-console-2.2.1/lib/web_console/templates/error_page.js.erb within layouts/javascript (0.4ms)
  Rendered /Users/equus/.rbenv/versions/2.2.4/lib/ruby/gems/2.2.0/gems/web-console-2.2.1/lib/web_console/templates/index.html.erb (235.4ms)


Started GET "/oauth/authorize?client_id=c2a52ce1b2788f43a1718ade767bc41812df4bdaa2d6d04630c8195ea35f6fbe&redirect_uri=http://localhost:3000/&response_type=token" for ::1 at 2015-12-28 13:08:28 +0900
  [1m[36mActiveRecord::SchemaMigration Load (0.6ms)[0m  [1mSELECT "schema_migrations".* FROM "schema_migrations"[0m
Processing by Doorkeeper::AuthorizationsController#new as HTML
  Parameters: {"client_id"=>"c2a52ce1b2788f43a1718ade767bc41812df4bdaa2d6d04630c8195ea35f6fbe", "redirect_uri"=>"http://localhost:3000/", "response_type"=>"token"}
  [1m[35mUser Load (0.7ms)[0m  SELECT  "users".* FROM "users" WHERE "users"."id" = $1  ORDER BY "users"."id" ASC LIMIT 1  [["id", 2]]
  [1m[36mDoorkeeper::Application Load (0.4ms)[0m  [1mSELECT  "oauth_applications".* FROM "oauth_applications" WHERE "oauth_applications"."uid" = $1 LIMIT 1[0m  [["uid", "c2a52ce1b2788f43a1718ade767bc41812df4bdaa2d6d04630c8195ea35f6fbe"]]
  Rendered doorkeeper/authorizations/error.html.erb within layouts/doorkeeper/application (497.0ms)
Completed 200 OK in 1092ms (Views: 1043.0ms | ActiveRecord: 7.4ms)


Started GET "/oauth/authorize?client_id=c2a52ce1b2788f43a1718ade767bc41812df4bdaa2d6d04630c8195ea35f6fbe&redirect_uri=http://localhost:3000/&response_type=token" for ::1 at 2015-12-28 13:09:38 +0900
Processing by Doorkeeper::AuthorizationsController#new as HTML
  Parameters: {"client_id"=>"c2a52ce1b2788f43a1718ade767bc41812df4bdaa2d6d04630c8195ea35f6fbe", "redirect_uri"=>"http://localhost:3000/", "response_type"=>"token"}
  [1m[35mUser Load (0.5ms)[0m  SELECT  "users".* FROM "users" WHERE "users"."id" = $1  ORDER BY "users"."id" ASC LIMIT 1  [["id", 2]]
  [1m[36mDoorkeeper::Application Load (0.3ms)[0m  [1mSELECT  "oauth_applications".* FROM "oauth_applications" WHERE "oauth_applications"."uid" = $1 LIMIT 1[0m  [["uid", "c2a52ce1b2788f43a1718ade767bc41812df4bdaa2d6d04630c8195ea35f6fbe"]]
  Rendered doorkeeper/authorizations/error.html.erb within layouts/doorkeeper/application (0.2ms)
Completed 200 OK in 35ms (Views: 31.6ms | ActiveRecord: 0.8ms)


Started GET "/oauth/authorize?client_id=c2a52ce1b2788f43a1718ade767bc41812df4bdaa2d6d04630c8195ea35f6fbe&redirect_uri=http://localhost:3000/&response_type=token" for ::1 at 2015-12-28 13:10:07 +0900
  [1m[36mActiveRecord::SchemaMigration Load (7.0ms)[0m  [1mSELECT "schema_migrations".* FROM "schema_migrations"[0m
Processing by Doorkeeper::AuthorizationsController#new as HTML
  Parameters: {"client_id"=>"c2a52ce1b2788f43a1718ade767bc41812df4bdaa2d6d04630c8195ea35f6fbe", "redirect_uri"=>"http://localhost:3000/", "response_type"=>"token"}
  [1m[35mUser Load (0.6ms)[0m  SELECT  "users".* FROM "users" WHERE "users"."id" = $1  ORDER BY "users"."id" ASC LIMIT 1  [["id", 2]]
  [1m[36mDoorkeeper::Application Load (0.4ms)[0m  [1mSELECT  "oauth_applications".* FROM "oauth_applications" WHERE "oauth_applications"."uid" = $1 LIMIT 1[0m  [["uid", "c2a52ce1b2788f43a1718ade767bc41812df4bdaa2d6d04630c8195ea35f6fbe"]]
  Rendered doorkeeper/authorizations/error.html.erb within layouts/doorkeeper/application (3.8ms)
Completed 200 OK in 30461ms (Views: 503.1ms | ActiveRecord: 6.5ms)


Started GET "/oauth/authorize?client_id=c2a52ce1b2788f43a1718ade767bc41812df4bdaa2d6d04630c8195ea35f6fbe&redirect_uri=http://localhost:3000/&response_type=token" for ::1 at 2015-12-28 13:12:47 +0900
  [1m[36mActiveRecord::SchemaMigration Load (6.9ms)[0m  [1mSELECT "schema_migrations".* FROM "schema_migrations"[0m
Processing by Doorkeeper::AuthorizationsController#new as HTML
  Parameters: {"client_id"=>"c2a52ce1b2788f43a1718ade767bc41812df4bdaa2d6d04630c8195ea35f6fbe", "redirect_uri"=>"http://localhost:3000/", "response_type"=>"token"}
  [1m[35mUser Load (6.0ms)[0m  SELECT  "users".* FROM "users" WHERE "users"."id" = $1  ORDER BY "users"."id" ASC LIMIT 1  [["id", 2]]
  [1m[36mDoorkeeper::Application Load (0.4ms)[0m  [1mSELECT  "oauth_applications".* FROM "oauth_applications" WHERE "oauth_applications"."uid" = $1 LIMIT 1[0m  [["uid", "c2a52ce1b2788f43a1718ade767bc41812df4bdaa2d6d04630c8195ea35f6fbe"]]
  Rendered doorkeeper/authorizations/error.html.erb within layouts/doorkeeper/application (499.0ms)
Completed 200 OK in 19543ms (Views: 1034.4ms | ActiveRecord: 17.2ms)


Started GET "/oauth/authorize?client_id=c2a52ce1b2788f43a1718ade767bc41812df4bdaa2d6d04630c8195ea35f6fbe&redirect_uri=http://localhost:3000/&response_type=token" for ::1 at 2015-12-28 13:13:39 +0900
  [1m[36mActiveRecord::SchemaMigration Load (0.6ms)[0m  [1mSELECT "schema_migrations".* FROM "schema_migrations"[0m
Processing by Doorkeeper::AuthorizationsController#new as HTML
  Parameters: {"client_id"=>"c2a52ce1b2788f43a1718ade767bc41812df4bdaa2d6d04630c8195ea35f6fbe", "redirect_uri"=>"http://localhost:3000/", "response_type"=>"token"}
  [1m[35mUser Load (0.6ms)[0m  SELECT  "users".* FROM "users" WHERE "users"."id" = $1  ORDER BY "users"."id" ASC LIMIT 1  [["id", 2]]
  [1m[36mDoorkeeper::Application Load (0.5ms)[0m  [1mSELECT  "oauth_applications".* FROM "oauth_applications" WHERE "oauth_applications"."uid" = $1 LIMIT 1[0m  [["uid", "c2a52ce1b2788f43a1718ade767bc41812df4bdaa2d6d04630c8195ea35f6fbe"]]
  [1m[35mDoorkeeper::AccessToken Load (4.9ms)[0m  SELECT  "oauth_access_tokens".* FROM "oauth_access_tokens" WHERE "oauth_access_tokens"."application_id" = $1 AND "oauth_access_tokens"."resource_owner_id" = $2 AND "oauth_access_tokens"."revoked_at" IS NULL  ORDER BY created_at desc LIMIT 1  [["application_id", 3], ["resource_owner_id", 2]]
  [1m[36m (1.8ms)[0m  [1mBEGIN[0m
  [1m[35mDoorkeeper::Application Load (0.3ms)[0m  SELECT  "oauth_applications".* FROM "oauth_applications" WHERE "oauth_applications"."id" = $1 LIMIT 1  [["id", 3]]
  [1m[36mDoorkeeper::AccessToken Exists (6.5ms)[0m  [1mSELECT  1 AS one FROM "oauth_access_tokens" WHERE "oauth_access_tokens"."token" = '56d2e1b28a9d2f140df779e5c6f5fa5d3d03fbc406784dfdd38071136c2c9d69' LIMIT 1[0m
  [1m[35mSQL (9.8ms)[0m  INSERT INTO "oauth_access_tokens" ("application_id", "resource_owner_id", "scopes", "expires_in", "token", "created_at") VALUES ($1, $2, $3, $4, $5, $6) RETURNING "id"  [["application_id", 3], ["resource_owner_id", 2], ["scopes", ""], ["expires_in", 86400], ["token", "56d2e1b28a9d2f140df779e5c6f5fa5d3d03fbc406784dfdd38071136c2c9d69"], ["created_at", "2015-12-28 04:13:51.508862"]]
  [1m[36m (1.6ms)[0m  [1mCOMMIT[0m
Redirected to http://localhost:3000/#access_token=56d2e1b28a9d2f140df779e5c6f5fa5d3d03fbc406784dfdd38071136c2c9d69&token_type=bearer&expires_in=86400
Completed 302 Found in 11455ms (ActiveRecord: 32.8ms)


Started GET "/login" for ::1 at 2015-12-28 13:15:28 +0900
  [1m[36mActiveRecord::SchemaMigration Load (0.5ms)[0m  [1mSELECT "schema_migrations".* FROM "schema_migrations"[0m

ActionController::RoutingError (No route matches [GET] "/login"):
  actionpack (4.2.5) lib/action_dispatch/middleware/debug_exceptions.rb:21:in `call'
  web-console (2.2.1) lib/web_console/middleware.rb:39:in `call'
  actionpack (4.2.5) lib/action_dispatch/middleware/show_exceptions.rb:30:in `call'
  railties (4.2.5) lib/rails/rack/logger.rb:38:in `call_app'
  railties (4.2.5) lib/rails/rack/logger.rb:20:in `block in call'
  activesupport (4.2.5) lib/active_support/tagged_logging.rb:68:in `block in tagged'
  activesupport (4.2.5) lib/active_support/tagged_logging.rb:26:in `tagged'
  activesupport (4.2.5) lib/active_support/tagged_logging.rb:68:in `tagged'
  railties (4.2.5) lib/rails/rack/logger.rb:20:in `call'
  quiet_assets (1.1.0) lib/quiet_assets.rb:27:in `call_with_quiet_assets'
  actionpack (4.2.5) lib/action_dispatch/middleware/request_id.rb:21:in `call'
  rack (1.6.4) lib/rack/methodoverride.rb:22:in `call'
  rack (1.6.4) lib/rack/runtime.rb:18:in `call'
  activesupport (4.2.5) lib/active_support/cache/strategy/local_cache_middleware.rb:28:in `call'
  rack (1.6.4) lib/rack/lock.rb:17:in `call'
  actionpack (4.2.5) lib/action_dispatch/middleware/static.rb:116:in `call'
  rack-cors (0.4.0) lib/rack/cors.rb:80:in `call'
  rack (1.6.4) lib/rack/sendfile.rb:113:in `call'
  railties (4.2.5) lib/rails/engine.rb:518:in `call'
  railties (4.2.5) lib/rails/application.rb:165:in `call'
  rack (1.6.4) lib/rack/lock.rb:17:in `call'
  rack (1.6.4) lib/rack/content_length.rb:15:in `call'
  rack (1.6.4) lib/rack/handler/webrick.rb:88:in `service'
  /Users/equus/.rbenv/versions/2.2.4/lib/ruby/2.2.0/webrick/httpserver.rb:138:in `service'
  /Users/equus/.rbenv/versions/2.2.4/lib/ruby/2.2.0/webrick/httpserver.rb:94:in `run'
  /Users/equus/.rbenv/versions/2.2.4/lib/ruby/2.2.0/webrick/server.rb:294:in `block in start_thread'


  Rendered /Users/equus/.rbenv/versions/2.2.4/lib/ruby/gems/2.2.0/gems/actionpack-4.2.5/lib/action_dispatch/middleware/templates/rescues/_trace.html.erb (1.7ms)
  Rendered /Users/equus/.rbenv/versions/2.2.4/lib/ruby/gems/2.2.0/gems/actionpack-4.2.5/lib/action_dispatch/middleware/templates/routes/_route.html.erb (2.7ms)
  Rendered /Users/equus/.rbenv/versions/2.2.4/lib/ruby/gems/2.2.0/gems/actionpack-4.2.5/lib/action_dispatch/middleware/templates/routes/_table.html.erb (16.0ms)
  Rendered /Users/equus/.rbenv/versions/2.2.4/lib/ruby/gems/2.2.0/gems/actionpack-4.2.5/lib/action_dispatch/middleware/templates/rescues/_request_and_response.html.erb (13.9ms)
  Rendered /Users/equus/.rbenv/versions/2.2.4/lib/ruby/gems/2.2.0/gems/actionpack-4.2.5/lib/action_dispatch/middleware/templates/rescues/routing_error.html.erb within rescues/layout (201.0ms)
  Rendered /Users/equus/.rbenv/versions/2.2.4/lib/ruby/gems/2.2.0/gems/web-console-2.2.1/lib/web_console/templates/_markup.html.erb (0.6ms)
  Rendered /Users/equus/.rbenv/versions/2.2.4/lib/ruby/gems/2.2.0/gems/web-console-2.2.1/lib/web_console/templates/_inner_console_markup.html.erb within layouts/inlined_string (0.4ms)
  Rendered /Users/equus/.rbenv/versions/2.2.4/lib/ruby/gems/2.2.0/gems/web-console-2.2.1/lib/web_console/templates/_prompt_box_markup.html.erb within layouts/inlined_string (0.3ms)
  Rendered /Users/equus/.rbenv/versions/2.2.4/lib/ruby/gems/2.2.0/gems/web-console-2.2.1/lib/web_console/templates/style.css.erb within layouts/inlined_string (0.3ms)
  Rendered /Users/equus/.rbenv/versions/2.2.4/lib/ruby/gems/2.2.0/gems/web-console-2.2.1/lib/web_console/templates/console.js.erb within layouts/javascript (115.2ms)
  Rendered /Users/equus/.rbenv/versions/2.2.4/lib/ruby/gems/2.2.0/gems/web-console-2.2.1/lib/web_console/templates/main.js.erb within layouts/javascript (0.3ms)
  Rendered /Users/equus/.rbenv/versions/2.2.4/lib/ruby/gems/2.2.0/gems/web-console-2.2.1/lib/web_console/templates/error_page.js.erb within layouts/javascript (0.4ms)
  Rendered /Users/equus/.rbenv/versions/2.2.4/lib/ruby/gems/2.2.0/gems/web-console-2.2.1/lib/web_console/templates/index.html.erb (252.6ms)


Started GET "/oauth/authorize?client_id=c2a52ce1b2788f43a1718ade767bc41812df4bdaa2d6d04630c8195ea35f6fbe&redirect_uri=http://localhost:3000/&response_type=token" for ::1 at 2015-12-28 13:15:34 +0900
Processing by Doorkeeper::AuthorizationsController#new as HTML
  Parameters: {"client_id"=>"c2a52ce1b2788f43a1718ade767bc41812df4bdaa2d6d04630c8195ea35f6fbe", "redirect_uri"=>"http://localhost:3000/", "response_type"=>"token"}
  [1m[35mUser Load (2.2ms)[0m  SELECT  "users".* FROM "users" WHERE "users"."id" = $1  ORDER BY "users"."id" ASC LIMIT 1  [["id", 2]]
  [1m[36mDoorkeeper::Application Load (0.5ms)[0m  [1mSELECT  "oauth_applications".* FROM "oauth_applications" WHERE "oauth_applications"."uid" = $1 LIMIT 1[0m  [["uid", "c2a52ce1b2788f43a1718ade767bc41812df4bdaa2d6d04630c8195ea35f6fbe"]]
  [1m[35mDoorkeeper::AccessToken Load (0.6ms)[0m  SELECT  "oauth_access_tokens".* FROM "oauth_access_tokens" WHERE "oauth_access_tokens"."application_id" = $1 AND "oauth_access_tokens"."resource_owner_id" = $2 AND "oauth_access_tokens"."revoked_at" IS NULL  ORDER BY created_at desc LIMIT 1  [["application_id", 3], ["resource_owner_id", 2]]
  [1m[36m (0.3ms)[0m  [1mBEGIN[0m
  [1m[35mDoorkeeper::Application Load (0.3ms)[0m  SELECT  "oauth_applications".* FROM "oauth_applications" WHERE "oauth_applications"."id" = $1 LIMIT 1  [["id", 3]]
  [1m[36mDoorkeeper::AccessToken Exists (0.4ms)[0m  [1mSELECT  1 AS one FROM "oauth_access_tokens" WHERE "oauth_access_tokens"."token" = '203f0149ba19631a786d28c2e3ad49cbcd4e881e631dc700ee90a325414031a6' LIMIT 1[0m
  [1m[35mSQL (0.5ms)[0m  INSERT INTO "oauth_access_tokens" ("application_id", "resource_owner_id", "scopes", "expires_in", "token", "created_at") VALUES ($1, $2, $3, $4, $5, $6) RETURNING "id"  [["application_id", 3], ["resource_owner_id", 2], ["scopes", ""], ["expires_in", 86400], ["token", "203f0149ba19631a786d28c2e3ad49cbcd4e881e631dc700ee90a325414031a6"], ["created_at", "2015-12-28 04:15:34.652707"]]
  [1m[36m (6.2ms)[0m  [1mCOMMIT[0m
Redirected to http://localhost:3000/#access_token=203f0149ba19631a786d28c2e3ad49cbcd4e881e631dc700ee90a325414031a6&token_type=bearer&expires_in=86400
Completed 302 Found in 128ms (ActiveRecord: 20.1ms)
